<?xml version="1.0" encoding="UTF-8"?>
<!-- Generated by org.testng.reporters.JUnitXMLReporter -->
<testsuite ignored="6" hostname="CO-IT026200" failures="0" tests="1" name="Command line test" time="0.042" errors="0" timestamp="2022-11-14T10:21:50 COT">
  <testcase classname="org.espn.tests.BaseTest" name="@BeforeTest testSetUp" time="-1.668439310369E9">
    <failure type="org.testng.TestNGException" message="
Parameter &amp;apos;browser&amp;apos; is required by BeforeTest on method testSetUp but has not been marked @Optional or defined
">
      <![CDATA[org.testng.TestNGException: 
Parameter 'browser' is required by BeforeTest on method testSetUp but has not been marked @Optional or defined

... Removed 31 stack frames]]>
    </failure>
  </testcase> <!-- @BeforeTest testSetUp -->
  <testcase classname="org.espn.tests.BaseTest" name="@AfterTest tearDown" time="0.0">
    <skipped/>
  </testcase> <!-- @AfterTest tearDown -->
  <testcase classname="org.espn.tests.LoginUserTest" name="clickInProfileUSer" time="0.0">
    <skipped/>
  </testcase> <!-- clickInProfileUSer -->
  <testcase classname="org.espn.tests.BaseTest" name="@BeforeTest testSetUp" time="0.0">
    <ignored/>
  </testcase> <!-- @BeforeTest testSetUp -->
  <testcase classname="org.espn.tests.BaseTest" name="@AfterTest tearDown" time="0.0">
    <ignored/>
  </testcase> <!-- @AfterTest tearDown -->
  <testcase classname="org.espn.tests.BaseTest" name="@BeforeTest testSetUp" time="0.0">
    <ignored/>
  </testcase> <!-- @BeforeTest testSetUp -->
  <testcase classname="org.espn.tests.BaseTest" name="@AfterTest tearDown" time="0.0">
    <ignored/>
  </testcase> <!-- @AfterTest tearDown -->
  <testcase classname="org.espn.tests.BaseTest" name="@AfterTest tearDown" time="0.0">
    <ignored/>
  </testcase> <!-- @AfterTest tearDown -->
  <testcase classname="org.espn.tests.BaseTest" name="@BeforeTest testSetUp" time="0.0">
    <ignored/>
  </testcase> <!-- @BeforeTest testSetUp -->
</testsuite> <!-- Command line test -->
